<?xml version="1.0" encoding="UTF-8"?>
<!-- Generated by org.testng.reporters.JUnitReportReporter -->
<testsuite hostname="DESKTOP-0B163PU" name="Academy.homepage" tests="2" failures="0" timestamp="21 Jul 2017 17:12:36 GMT" time="141.079" errors="0">
  <testcase name="logginguntaccount" time="101.547" classname="Academy.homepage"/>
  <testcase name="logginguntaccount" time="39.532" classname="Academy.homepage"/>
</testsuite> <!-- Academy.homepage -->
