<?xml version="1.0" encoding="UTF-8"?>
<!-- Generated by org.testng.reporters.JUnitReportReporter -->
<testsuite hostname="DESKTOP-0B163PU" name="Academy.validatenavigation" tests="1" failures="0" timestamp="19 Jul 2017 19:48:40 GMT" time="0.174" errors="0">
  <testcase name="navigationbarvalidation" time="0.174" classname="Academy.validatenavigation"/>
</testsuite> <!-- Academy.validatenavigation -->
