<?xml version="1.0" encoding="UTF-8"?>
<!-- Generated by org.testng.reporters.JUnitReportReporter -->
<testsuite hostname="DESKTOP-0B163PU" name="Academy.homepage" tests="2" failures="0" timestamp="19 Jul 2017 19:48:40 GMT" time="35.523" errors="0">
  <testcase name="logginguntaccount" time="18.335" classname="Academy.homepage"/>
  <testcase name="logginguntaccount" time="17.188" classname="Academy.homepage"/>
</testsuite> <!-- Academy.homepage -->
